 input file name = Choline_pop.mfj               
 input file label = Choline_631G++dp_pop          
 number of coordinate sets =    1
 number of atoms =  21
 coordinates in angstroms
 correction factor for coordinates = 1.0000E+00
 using a calculated (non-uniform) charge distribution
 total charge = 1.0000E+00
 total absolute charge = 4.6417E+00
 mass of ion = 1.0417E+02
 center of mass coordinates =  4.9167E-02, 1.4574E-02,-1.0561E-04
 Lennard-Jones scaling parameters: eo= 1.3400E-03 ro= 3.0430E+00
 dipole constant = 1.8930E-58
 mobility constant = 3.9395E-21
 temperature = 3.0100E+02

 using RANLUX

 RANLUX LUXURY LEVEL SET BY RLUXGO : 3     P= 223
 RANLUX INITIALIZED BY RLUXGO FROM SEEDS     5013489           0           0



 structural asymmetry parameter =  1.2982

 mobility calculation by MOBIL2 (trajectory method)

 global trajectory parameters

 sw1 = 5.0000E-05       sw2 = 5.0000E-03
 dtsf1 = 5.0000E-01     dtsf2 = 1.0000E-01
 inwr =  1              ifail =  100

 maximum extent orientated along x axis


 coordinates rotated by ROTATE

 theta= 0.0000E+00 phi= 1.7996E+02 gamma= 3.5731E+02

 along x axis emax =-9.4692E-02eV rmax = 5.9694E+00A r00 = 5.6609E+00A
 along y axis emax =-7.9600E-02eV rmax = 4.1416E+00A r00 = 3.4089E+00A
 along z axis emax =-6.9963E-02eV rmax = 4.4192E+00A r00 = 3.7791E+00A


 t*= 1.9357E+01


 set-up gst integration - integration over velocity

     pgst        wgst         v         ke/kt       gst^5*     frac of
                                                exp(gst^2/tst)   sum

  2.3201E+00  5.8270E-03  2.5109E+02  2.7808E-01  5.0903E+01  2.9135E-03
  2.9024E+00  8.2406E-03  3.1411E+02  4.3519E-01  1.3329E+02  9.9473E-03
  3.2847E+00  1.0093E-02  3.5549E+02  5.5737E-01  2.1898E+02  1.9114E-02
  3.5870E+00  1.1654E-02  3.8820E+02  6.6469E-01  3.0547E+02  2.9987E-02
  3.8445E+00  1.3030E-02  4.1608E+02  7.6357E-01  3.9138E+02  4.2329E-02
  4.0732E+00  1.4273E-02  4.4083E+02  8.5710E-01  4.7582E+02  5.5981E-02
  4.2816E+00  1.5417E-02  4.6338E+02  9.4706E-01  5.5813E+02  7.0825E-02
  4.4751E+00  1.6481E-02  4.8432E+02  1.0346E+00  6.3782E+02  8.6774E-02
  4.6573E+00  1.7481E-02  5.0404E+02  1.1205E+00  7.1453E+02  1.0376E-01
  4.8306E+00  1.8426E-02  5.2280E+02  1.2055E+00  7.8790E+02  1.2171E-01
  4.9970E+00  1.9326E-02  5.4081E+02  1.2900E+00  8.5767E+02  1.4059E-01
  5.1579E+00  2.0185E-02  5.5821E+02  1.3744E+00  9.2357E+02  1.6034E-01
  5.3143E+00  2.1009E-02  5.7515E+02  1.4590E+00  9.8537E+02  1.8094E-01
  5.4674E+00  2.1803E-02  5.9171E+02  1.5443E+00  1.0429E+03  2.0234E-01
  5.6178E+00  2.2568E-02  6.0799E+02  1.6304E+00  1.0959E+03  2.2453E-01
  5.7663E+00  2.3308E-02  6.2406E+02  1.7177E+00  1.1441E+03  2.4747E-01
  5.9135E+00  2.4025E-02  6.3999E+02  1.8065E+00  1.1875E+03  2.7113E-01
  6.0599E+00  2.4722E-02  6.5584E+02  1.8971E+00  1.2258E+03  2.9551E-01
  6.2062E+00  2.5399E-02  6.7167E+02  1.9898E+00  1.2588E+03  3.2057E-01
  6.3528E+00  2.6059E-02  6.8754E+02  2.0849E+00  1.2863E+03  3.4630E-01
  6.5002E+00  2.6703E-02  7.0349E+02  2.1828E+00  1.3081E+03  3.7268E-01
  6.6491E+00  2.7331E-02  7.1960E+02  2.2839E+00  1.3240E+03  3.9969E-01
  6.7998E+00  2.7945E-02  7.3592E+02  2.3887E+00  1.3338E+03  4.2733E-01
  6.9532E+00  2.8546E-02  7.5251E+02  2.4976E+00  1.3372E+03  4.5558E-01
  7.1097E+00  2.9135E-02  7.6946E+02  2.6114E+00  1.3340E+03  4.8442E-01
  7.2702E+00  2.9712E-02  7.8683E+02  2.7306E+00  1.3239E+03  5.1384E-01
  7.4356E+00  3.0278E-02  8.0472E+02  2.8562E+00  1.3066E+03  5.4384E-01
  7.6067E+00  3.0833E-02  8.2325E+02  2.9892E+00  1.2817E+03  5.7439E-01
  7.7850E+00  3.1379E-02  8.4254E+02  3.1310E+00  1.2489E+03  6.0550E-01
  7.9717E+00  3.1916E-02  8.6275E+02  3.2830E+00  1.2078E+03  6.3715E-01
  8.1690E+00  3.2443E-02  8.8410E+02  3.4475E+00  1.1578E+03  6.6933E-01
  8.3792E+00  3.2962E-02  9.0684E+02  3.6271E+00  1.0984E+03  7.0203E-01
  8.6056E+00  3.3473E-02  9.3135E+02  3.8258E+00  1.0289E+03  7.3525E-01
  8.8529E+00  3.3977E-02  9.5811E+02  4.0489E+00  9.4847E+02  7.6897E-01
  9.1280E+00  3.4473E-02  9.8789E+02  4.3044E+00  8.5605E+02  8.0320E-01
  9.4415E+00  3.4962E-02  1.0218E+03  4.6052E+00  7.5024E+02  8.3791E-01
  9.8120E+00  3.5444E-02  1.0619E+03  4.9737E+00  6.2913E+02  8.7312E-01
  1.0276E+01  3.5920E-02  1.1121E+03  5.4549E+00  4.8980E+02  9.0880E-01
  1.0923E+01  3.6389E-02  1.1822E+03  6.1638E+00  3.2720E+02  9.4495E-01
  1.2147E+01  3.6853E-02  1.3147E+03  7.6231E+00  1.2935E+02  9.8157E-01


 set up b2 integration - integration over impact parameter

 minimum value of (1-cosX) = 5.0000E-04


     gst           b2max/ro2         b/A

  2.3201E+00      3.9000E+01      1.9004E+01
  2.9024E+00      3.1500E+01      1.7079E+01
  3.2847E+00      2.8100E+01      1.6131E+01
  3.5870E+00      2.5900E+01      1.5486E+01
  3.8445E+00      2.4300E+01      1.5000E+01
  4.0732E+00      2.3000E+01      1.4594E+01
  4.2816E+00      2.2000E+01      1.4273E+01
  4.4751E+00      2.1200E+01      1.4011E+01
  4.6573E+00      2.0400E+01      1.3744E+01
  4.8306E+00      1.9800E+01      1.3540E+01
  4.9970E+00      1.9200E+01      1.3334E+01
  5.1579E+00      1.8700E+01      1.3159E+01
  5.3143E+00      1.8200E+01      1.2982E+01
  5.4674E+00      1.7800E+01      1.2838E+01
  5.6178E+00      1.7400E+01      1.2693E+01
  5.7663E+00      1.7000E+01      1.2547E+01
  5.9135E+00      1.6600E+01      1.2398E+01
  6.0599E+00      1.6300E+01      1.2286E+01
  6.2062E+00      1.6000E+01      1.2172E+01
  6.3528E+00      1.5600E+01      1.2019E+01
  6.5002E+00      1.5400E+01      1.1942E+01
  6.6491E+00      1.5100E+01      1.1825E+01
  6.7998E+00      1.4800E+01      1.1707E+01
  6.9532E+00      1.4500E+01      1.1587E+01
  7.1097E+00      1.4300E+01      1.1507E+01
  7.2702E+00      1.4000E+01      1.1386E+01
  7.4356E+00      1.3800E+01      1.1304E+01
  7.6067E+00      1.3500E+01      1.1181E+01
  7.7850E+00      1.3300E+01      1.1098E+01
  7.9717E+00      1.3000E+01      1.0972E+01
  8.1690E+00      1.2800E+01      1.0887E+01
  8.3792E+00      1.2500E+01      1.0759E+01
  8.6056E+00      1.2300E+01      1.0672E+01
  8.8529E+00      1.2000E+01      1.0541E+01
  9.1280E+00      1.1700E+01      1.0409E+01
  9.4415E+00      1.1400E+01      1.0274E+01
  9.8120E+00      1.1100E+01      1.0138E+01
  1.0276E+01      1.0700E+01      9.9539E+00
  1.0923E+01      1.0300E+01      9.7661E+00
  1.2147E+01      9.5000E+00      9.3792E+00


 number of complete cycles (itn) =    10
 number of velocity points (inp) =    40
 number of random points (imp) =  1000
 total number of points = 400000


 summary of mobility calculations

 cycle     cs/A^2      avge cs/A^2        Ko^-1       avge Ko^-1
   1     1.1674E+02     1.1674E+02     5.1414E+03     5.1414E+03
   2     1.1706E+02     1.1690E+02     5.1551E+03     5.1482E+03
   3     1.1283E+02     1.1554E+02     4.9692E+03     5.0886E+03
   4     1.1603E+02     1.1567E+02     5.1099E+03     5.0939E+03
   5     1.1761E+02     1.1605E+02     5.1796E+03     5.1110E+03
   6     1.1485E+02     1.1585E+02     5.0578E+03     5.1022E+03
   7     1.1646E+02     1.1594E+02     5.1288E+03     5.1060E+03
   8     1.1546E+02     1.1588E+02     5.0848E+03     5.1033E+03
   9     1.1621E+02     1.1592E+02     5.1179E+03     5.1049E+03
  10     1.1592E+02     1.1592E+02     5.1051E+03     5.1050E+03


 average values for q1st

     gst2        wgst        q1st
  5.3828E+00  5.8270E-03  3.0209E+00
  8.4239E+00  8.2406E-03  2.4069E+00
  1.0789E+01  1.0093E-02  2.0791E+00
  1.2866E+01  1.1654E-02  1.8943E+00
  1.4780E+01  1.3030E-02  1.7857E+00
  1.6591E+01  1.4273E-02  1.7272E+00
  1.8332E+01  1.5417E-02  1.6075E+00
  2.0027E+01  1.6481E-02  1.5145E+00
  2.1690E+01  1.7481E-02  1.4670E+00
  2.3335E+01  1.8426E-02  1.3960E+00
  2.4970E+01  1.9326E-02  1.3747E+00
  2.6604E+01  2.0185E-02  1.2818E+00
  2.8242E+01  2.1009E-02  1.3050E+00
  2.9892E+01  2.1803E-02  1.2666E+00
  3.1560E+01  2.2568E-02  1.1604E+00
  3.3250E+01  2.3308E-02  1.1935E+00
  3.4969E+01  2.4025E-02  1.1070E+00
  3.6723E+01  2.4722E-02  1.0694E+00
  3.8517E+01  2.5399E-02  1.0654E+00
  4.0358E+01  2.6059E-02  1.0513E+00
  4.2253E+01  2.6703E-02  9.8878E-01
  4.4210E+01  2.7331E-02  9.8753E-01
  4.6238E+01  2.7945E-02  9.5443E-01
  4.8347E+01  2.8546E-02  9.1988E-01
  5.0548E+01  2.9135E-02  8.9496E-01
  5.2856E+01  2.9712E-02  8.9964E-01
  5.5288E+01  3.0278E-02  8.5420E-01
  5.7863E+01  3.0833E-02  8.2531E-01
  6.0606E+01  3.1379E-02  8.1171E-01
  6.3549E+01  3.1916E-02  8.2315E-01
  6.6732E+01  3.2443E-02  7.9598E-01
  7.0210E+01  3.2962E-02  7.6216E-01
  7.4056E+01  3.3473E-02  7.4000E-01
  7.8374E+01  3.3977E-02  7.0872E-01
  8.3320E+01  3.4473E-02  6.8821E-01
  8.9143E+01  3.4962E-02  6.6685E-01
  9.6276E+01  3.5444E-02  6.6588E-01
  1.0559E+02  3.5920E-02  6.2916E-01
  1.1931E+02  3.6389E-02  5.8678E-01
  1.4756E+02  3.6853E-02  5.7259E-01


 mean OMEGA*(1,1) = 3.9847E+00
 standard deviation = 4.3624E-02
 standard error of mean = 1.3795E-02


 f value for second order correction= 1.0000E+00
 (integrations for second order correction are not
 accurate, check if correction becomes significant)

 omega*12 = 3.2808E+00  omega*13 = 2.8341E+00  omega*22 = 4.1736E+00
       u2 = 1.1823E+00         w = 2.6891E-01     delta = 7.3685E-06


 average (second order) TM mobility = 1.9589E-04
 inverse average (second order) TM mobility = 5.1049E+03
 average TM cross section = 1.1592E+02



 SUMMARY

 program version = junkn.f
 input file name = Choline_pop.mfj               
 input file label = Choline_631G++dp_pop          
 temperature = 3.0100E+02
 using RANLUX with seed integer = 5013489
 structural asymmetry parameter = 1.2982E+00

 mobility calculation by MOBIL2 (trajectory method)

 trajectory parameters
 sw1 = 5.0000E-05       sw2 = 5.0000E-03
 dtsf1 = 5.0000E-01     dtsf2 = 1.0000E-01

 number of complete cycles (itn) =    10
 number of velocity points (inp) =    40
 number of random points (imp) =  1000
 total number of points = 400000

 inverse average (second order) TM mobility = 5.1049E+03
 average TM cross section = 1.1592E+02
 standard deviation (percent) = 1.0948E+00
 number of failed trajectories =   0
