 input file name = Choline_pop.mfj               
 input file label = Choline_631G++dp_pop          
 number of coordinate sets =    1
 number of atoms =  21
 coordinates in angstroms
 correction factor for coordinates = 1.0000E+00
 using a calculated (non-uniform) charge distribution
 total charge = 1.0000E+00
 total absolute charge = 4.6417E+00
 mass of ion = 1.0417E+02
 center of mass coordinates =  4.9167E-02, 1.4574E-02,-1.0561E-04
 Lennard-Jones scaling parameters: eo= 1.3400E-03 ro= 3.0430E+00
 dipole constant = 2.3642E-59
 mobility constant = 9.4280E-21
 temperature = 3.0100E+02

 using RANLUX

 RANLUX LUXURY LEVEL SET BY RLUXGO : 3     P= 223
 RANLUX INITIALIZED BY RLUXGO FROM SEEDS     5013489           0           0



 structural asymmetry parameter =  1.2982


 mobility calculation by MOBIL4 (HS scattering)

 number of Monte Carlo trajectories = 250000
 maximum number of reflections allowed = 30

 average PA mobility = 8.8977E-04
 inverse average PA mobility = 1.1239E+03
 average PA cross section = 6.1075E+01

 maximum number of reflections encountered =  4

     order   cross section
       1      6.22913E-19
       2      6.34528E-19
       3      6.34720E-19
       4      6.34727E-19

 average EHS mobility = 8.5615E-04
 inverse average EHS mobility = 1.1680E+03
 average EHS cross section = 6.3473E+01

 mobility calculation by MOBIL2 (trajectory method)

 global trajectory parameters

 sw1 = 5.0000E-05       sw2 = 5.0000E-03
 dtsf1 = 5.0000E-01     dtsf2 = 1.0000E-01
 inwr =  1              ifail =  100

 maximum extent orientated along x axis


 coordinates rotated by ROTATE

 theta= 0.0000E+00 phi= 1.7996E+02 gamma= 3.5731E+02

 along x axis emax =-7.0434E-03eV rmax = 5.7631E+00A r00 = 5.4926E+00A
 along y axis emax =-1.3704E-02eV rmax = 3.6825E+00A r00 = 3.2734E+00A
 along z axis emax =-9.6312E-03eV rmax = 4.1194E+00A r00 = 3.7588E+00A


 t*= 1.9357E+01


 set-up gst integration - integration over velocity

     pgst        wgst         v         ke/kt       gst^5*     frac of
                                                exp(gst^2/tst)   sum

  2.3201E+00  5.8270E-03  6.0092E+02  2.7808E-01  5.0903E+01  2.9135E-03
  2.9024E+00  8.2406E-03  7.5174E+02  4.3519E-01  1.3329E+02  9.9473E-03
  3.2847E+00  1.0093E-02  8.5076E+02  5.5737E-01  2.1898E+02  1.9114E-02
  3.5870E+00  1.1654E-02  9.2906E+02  6.6469E-01  3.0547E+02  2.9987E-02
  3.8445E+00  1.3030E-02  9.9577E+02  7.6357E-01  3.9138E+02  4.2329E-02
  4.0732E+00  1.4273E-02  1.0550E+03  8.5710E-01  4.7582E+02  5.5981E-02
  4.2816E+00  1.5417E-02  1.1090E+03  9.4706E-01  5.5813E+02  7.0825E-02
  4.4751E+00  1.6481E-02  1.1591E+03  1.0346E+00  6.3782E+02  8.6774E-02
  4.6573E+00  1.7481E-02  1.2063E+03  1.1205E+00  7.1453E+02  1.0376E-01
  4.8306E+00  1.8426E-02  1.2512E+03  1.2055E+00  7.8790E+02  1.2171E-01
  4.9970E+00  1.9326E-02  1.2943E+03  1.2900E+00  8.5767E+02  1.4059E-01
  5.1579E+00  2.0185E-02  1.3359E+03  1.3744E+00  9.2357E+02  1.6034E-01
  5.3143E+00  2.1009E-02  1.3765E+03  1.4590E+00  9.8537E+02  1.8094E-01
  5.4674E+00  2.1803E-02  1.4161E+03  1.5443E+00  1.0429E+03  2.0234E-01
  5.6178E+00  2.2568E-02  1.4551E+03  1.6304E+00  1.0959E+03  2.2453E-01
  5.7663E+00  2.3308E-02  1.4935E+03  1.7177E+00  1.1441E+03  2.4747E-01
  5.9135E+00  2.4025E-02  1.5316E+03  1.8065E+00  1.1875E+03  2.7113E-01
  6.0599E+00  2.4722E-02  1.5696E+03  1.8971E+00  1.2258E+03  2.9551E-01
  6.2062E+00  2.5399E-02  1.6075E+03  1.9898E+00  1.2588E+03  3.2057E-01
  6.3528E+00  2.6059E-02  1.6454E+03  2.0849E+00  1.2863E+03  3.4630E-01
  6.5002E+00  2.6703E-02  1.6836E+03  2.1828E+00  1.3081E+03  3.7268E-01
  6.6491E+00  2.7331E-02  1.7222E+03  2.2839E+00  1.3240E+03  3.9969E-01
  6.7998E+00  2.7945E-02  1.7612E+03  2.3887E+00  1.3338E+03  4.2733E-01
  6.9532E+00  2.8546E-02  1.8009E+03  2.4976E+00  1.3372E+03  4.5558E-01
  7.1097E+00  2.9135E-02  1.8415E+03  2.6114E+00  1.3340E+03  4.8442E-01
  7.2702E+00  2.9712E-02  1.8831E+03  2.7306E+00  1.3239E+03  5.1384E-01
  7.4356E+00  3.0278E-02  1.9259E+03  2.8562E+00  1.3066E+03  5.4384E-01
  7.6067E+00  3.0833E-02  1.9702E+03  2.9892E+00  1.2817E+03  5.7439E-01
  7.7850E+00  3.1379E-02  2.0164E+03  3.1310E+00  1.2489E+03  6.0550E-01
  7.9717E+00  3.1916E-02  2.0648E+03  3.2830E+00  1.2078E+03  6.3715E-01
  8.1690E+00  3.2443E-02  2.1158E+03  3.4475E+00  1.1578E+03  6.6933E-01
  8.3792E+00  3.2962E-02  2.1703E+03  3.6271E+00  1.0984E+03  7.0203E-01
  8.6056E+00  3.3473E-02  2.2289E+03  3.8258E+00  1.0289E+03  7.3525E-01
  8.8529E+00  3.3977E-02  2.2930E+03  4.0489E+00  9.4847E+02  7.6897E-01
  9.1280E+00  3.4473E-02  2.3642E+03  4.3044E+00  8.5605E+02  8.0320E-01
  9.4415E+00  3.4962E-02  2.4454E+03  4.6052E+00  7.5024E+02  8.3791E-01
  9.8120E+00  3.5444E-02  2.5414E+03  4.9737E+00  6.2913E+02  8.7312E-01
  1.0276E+01  3.5920E-02  2.6615E+03  5.4549E+00  4.8980E+02  9.0880E-01
  1.0923E+01  3.6389E-02  2.8292E+03  6.1638E+00  3.2720E+02  9.4495E-01
  1.2147E+01  3.6853E-02  3.1463E+03  7.6231E+00  1.2935E+02  9.8157E-01


 set up b2 integration - integration over impact parameter

 minimum value of (1-cosX) = 5.0000E-04


     gst           b2max/ro2         b/A

  2.3201E+00      1.4700E+01      1.1667E+01
  2.9024E+00      1.2200E+01      1.0629E+01
  3.2847E+00      1.1100E+01      1.0138E+01
  3.5870E+00      1.0300E+01      9.7661E+00
  3.8445E+00      9.8000E+00      9.5261E+00
  4.0732E+00      9.4000E+00      9.3297E+00
  4.2816E+00      9.1000E+00      9.1796E+00
  4.4751E+00      8.8000E+00      9.0270E+00
  4.6573E+00      8.6000E+00      8.9238E+00
  4.8306E+00      8.4000E+00      8.8195E+00
  4.9970E+00      8.2000E+00      8.7138E+00
  5.1579E+00      8.0000E+00      8.6069E+00
  5.3143E+00      7.8000E+00      8.4986E+00
  5.4674E+00      7.7000E+00      8.4440E+00
  5.6178E+00      7.6000E+00      8.3890E+00
  5.7663E+00      7.4000E+00      8.2779E+00
  5.9135E+00      7.3000E+00      8.2217E+00
  6.0599E+00      7.2000E+00      8.1652E+00
  6.2062E+00      7.1000E+00      8.1083E+00
  6.3528E+00      7.0000E+00      8.0510E+00
  6.5002E+00      6.9000E+00      7.9933E+00
  6.6491E+00      6.8000E+00      7.9352E+00
  6.7998E+00      6.7000E+00      7.8766E+00
  6.9532E+00      6.6000E+00      7.8176E+00
  7.1097E+00      6.5000E+00      7.7582E+00
  7.2702E+00      6.4000E+00      7.6982E+00
  7.4356E+00      6.4000E+00      7.6982E+00
  7.6067E+00      6.3000E+00      7.6379E+00
  7.7850E+00      6.2000E+00      7.5770E+00
  7.9717E+00      6.1000E+00      7.5157E+00
  8.1690E+00      6.0000E+00      7.4538E+00
  8.3792E+00      5.9000E+00      7.3914E+00
  8.6056E+00      5.9000E+00      7.3914E+00
  8.8529E+00      5.8000E+00      7.3285E+00
  9.1280E+00      5.7000E+00      7.2651E+00
  9.4415E+00      5.6000E+00      7.2011E+00
  9.8120E+00      5.5000E+00      7.1365E+00
  1.0276E+01      5.3000E+00      7.0055E+00
  1.0923E+01      5.2000E+00      6.9391E+00
  1.2147E+01      4.9000E+00      6.7360E+00


 number of complete cycles (itn) =    10
 number of velocity points (inp) =    40
 number of random points (imp) =  1000
 total number of points = 400000


 energy not conserved: e ratio = 9.6358E-01 v = 1.6836E+03 b = 2.9313E-10
 gst2 = 4.2253E+01 theta = 1.8793E+02 phi = 8.8605E+01 gamma = 3.5395E+02

 energy not conserved: e ratio = 9.8531E-01 v = 2.3642E+03 b = 3.1436E-10
 gst2 = 8.3320E+01 theta = 3.5483E+02 phi = 4.4651E+01 gamma = 2.7617E+02

 energy not conserved: e ratio = 9.4323E-01 v = 1.8831E+03 b = 2.7426E-10
 gst2 = 5.2856E+01 theta = 2.6423E+02 phi = 3.7350E+01 gamma = 1.8085E+02

 summary of mobility calculations

 cycle     cs/A^2      avge cs/A^2        Ko^-1       avge Ko^-1
   1     5.6437E+01     5.6437E+01     1.0385E+03     1.0385E+03
   2     5.5064E+01     5.5750E+01     1.0133E+03     1.0259E+03
   3     5.5307E+01     5.5603E+01     1.0178E+03     1.0232E+03
   4     5.5156E+01     5.5491E+01     1.0150E+03     1.0211E+03
   5     5.6132E+01     5.5619E+01     1.0329E+03     1.0235E+03
   6     5.4692E+01     5.5465E+01     1.0064E+03     1.0207E+03
   7     5.5248E+01     5.5434E+01     1.0167E+03     1.0201E+03
   8     5.5752E+01     5.5473E+01     1.0259E+03     1.0208E+03
   9     5.5067E+01     5.5428E+01     1.0133E+03     1.0200E+03
  10     5.5166E+01     5.5402E+01     1.0152E+03     1.0195E+03


 average values for q1st

     gst2        wgst        q1st
  5.3828E+00  5.8270E-03  1.0661E+00
  8.4239E+00  8.2406E-03  8.5578E-01
  1.0789E+01  1.0093E-02  7.4765E-01
  1.2866E+01  1.1654E-02  6.4233E-01
  1.4780E+01  1.3030E-02  6.2433E-01
  1.6591E+01  1.4273E-02  6.2991E-01
  1.8332E+01  1.5417E-02  5.8322E-01
  2.0027E+01  1.6481E-02  5.5003E-01
  2.1690E+01  1.7481E-02  5.5696E-01
  2.3335E+01  1.8426E-02  5.4567E-01
  2.4970E+01  1.9326E-02  5.1644E-01
  2.6604E+01  2.0185E-02  4.9913E-01
  2.8242E+01  2.1009E-02  4.8844E-01
  2.9892E+01  2.1803E-02  4.9514E-01
  3.1560E+01  2.2568E-02  4.9245E-01
  3.3250E+01  2.3308E-02  4.8633E-01
  3.4969E+01  2.4025E-02  4.8229E-01
  3.6723E+01  2.4722E-02  4.7323E-01
  3.8517E+01  2.5399E-02  4.8064E-01
  4.0358E+01  2.6059E-02  4.7466E-01
  4.2253E+01  2.6703E-02  4.9650E-01
  4.4210E+01  2.7331E-02  4.6719E-01
  4.6238E+01  2.7945E-02  4.5786E-01
  4.8347E+01  2.8546E-02  4.5860E-01
  5.0548E+01  2.9135E-02  4.5251E-01
  5.2856E+01  2.9712E-02  4.6164E-01
  5.5288E+01  3.0278E-02  4.5673E-01
  5.7863E+01  3.0833E-02  4.4047E-01
  6.0606E+01  3.1379E-02  4.5028E-01
  6.3549E+01  3.1916E-02  4.4570E-01
  6.6732E+01  3.2443E-02  4.4041E-01
  7.0210E+01  3.2962E-02  4.2542E-01
  7.4056E+01  3.3473E-02  4.3211E-01
  7.8374E+01  3.3977E-02  4.3419E-01
  8.3320E+01  3.4473E-02  4.3864E-01
  8.9143E+01  3.4962E-02  4.1367E-01
  9.6276E+01  3.5444E-02  4.2473E-01
  1.0559E+02  3.5920E-02  4.1920E-01
  1.1931E+02  3.6389E-02  4.0771E-01
  1.4756E+02  3.6853E-02  4.0119E-01


 mean OMEGA*(1,1) = 1.9045E+00
 standard deviation = 1.7545E-02
 standard error of mean = 5.5483E-03


 f value for second order correction= 1.0000E+00
 (integrations for second order correction are not
 accurate, check if correction becomes significant)

 omega*12 = 1.7737E+00  omega*13 = 1.6774E+00  omega*22 = 1.9801E+00
       u2 = 1.2298E+01         w = 3.8423E-02     delta = 1.6661E-05


 average (second order) TM mobility = 9.8089E-04
 inverse average (second order) TM mobility = 1.0195E+03
 average TM cross section = 5.5402E+01



 SUMMARY

 program version = junkn.f
 input file name = Choline_pop.mfj               
 input file label = Choline_631G++dp_pop          
 temperature = 3.0100E+02
 using RANLUX with seed integer = 5013489
 structural asymmetry parameter = 1.2982E+00

 mobility calculation by MOBIL4 (HS scattering)

 number of Monte Carlo trajectories = 250000
 maximum number of reflections encountered =  4

 inverse average PA mobility = 1.1239E+03
 average PA cross section = 6.1075E+01

 inverse average EHS mobility = 1.1680E+03
 average EHS cross section = 6.3473E+01

 mobility calculation by MOBIL2 (trajectory method)

 trajectory parameters
 sw1 = 5.0000E-05       sw2 = 5.0000E-03
 dtsf1 = 5.0000E-01     dtsf2 = 1.0000E-01

 number of complete cycles (itn) =    10
 number of velocity points (inp) =    40
 number of random points (imp) =  1000
 total number of points = 400000

 inverse average (second order) TM mobility = 1.0195E+03
 average TM cross section = 5.5402E+01
 standard deviation (percent) = 9.2127E-01
 number of failed trajectories =   3
